This is pdfTeX, Version 3.14159265-2.6-1.40.19 (MiKTeX 2.9.6840) (preloaded format=pdflatex 2019.2.18)  18 FEB 2019 15:54
entering extended mode
**./swde-zf.tex
(swde-zf.tex
LaTeX2e <2018-12-01>

("/Users/maurinthalmann/Library/Application Support/MiKTeX/texmfs/install/tex/l
atex/base/article.cls"
Document Class: article 2018/09/03 v1.4i Standard LaTeX document class

("/Users/maurinthalmann/Library/Application Support/MiKTeX/texmfs/install/tex/l
atex/base/size10.clo"
File: size10.clo 2018/09/03 v1.4i Standard LaTeX file (size option)
)
\c@part=\count80
\c@section=\count81
\c@subsection=\count82
\c@subsubsection=\count83
\c@paragraph=\count84
\c@subparagraph=\count85
\c@figure=\count86
\c@table=\count87
\abovecaptionskip=\skip41
\belowcaptionskip=\skip42
\bibindent=\dimen102
)
("/Users/maurinthalmann/Library/Application Support/MiKTeX/texmfs/install/tex/l
atex/geometry/geometry.sty"
Package: geometry 2018/04/16 v5.8 Page Geometry

("/Users/maurinthalmann/Library/Application Support/MiKTeX/texmfs/install/tex/l
atex/graphics/keyval.sty"
Package: keyval 2014/10/28 v1.15 key=value parser (DPC)
\KV@toks@=\toks14
)
("/Users/maurinthalmann/Library/Application Support/MiKTeX/texmfs/install/tex/g
eneric/oberdiek/ifpdf.sty"
Package: ifpdf 2018/09/07 v3.3 Provides the ifpdf switch
)
("/Users/maurinthalmann/Library/Application Support/MiKTeX/texmfs/install/tex/g
eneric/oberdiek/ifvtex.sty"
Package: ifvtex 2016/05/16 v1.6 Detect VTeX and its facilities (HO)
Package ifvtex Info: VTeX not detected.
)
("/Users/maurinthalmann/Library/Application Support/MiKTeX/texmfs/install/tex/g
eneric/ifxetex/ifxetex.sty"
Package: ifxetex 2010/09/12 v0.6 Provides ifxetex conditional
)
\Gm@cnth=\count88
\Gm@cntv=\count89
\c@Gm@tempcnt=\count90
\Gm@bindingoffset=\dimen103
\Gm@wd@mp=\dimen104
\Gm@odd@mp=\dimen105
\Gm@even@mp=\dimen106
\Gm@layoutwidth=\dimen107
\Gm@layoutheight=\dimen108
\Gm@layouthoffset=\dimen109
\Gm@layoutvoffset=\dimen110
\Gm@dimlist=\toks15

("/Users/maurinthalmann/Library/Application Support/MiKTeX/texmfs/install/tex/l
atex/geometry/geometry.cfg"))
("/Users/maurinthalmann/Library/Application Support/MiKTeX/texmfs/install/tex/g
eneric/babel/babel.sty"
Package: babel 2018/11/13 3.27 The Babel package

("/Users/maurinthalmann/Library/Application Support/MiKTeX/texmfs/install/tex/g
eneric/babel/switch.def"
File: switch.def 2018/11/13 3.27 Babel switching mechanism
)
*************************************
* Local config file bblopts.cfg used
*

("/Users/maurinthalmann/Library/Application Support/MiKTeX/texmfs/install/tex/l
atex/arabi/bblopts.cfg"
File: bblopts.cfg 2005/09/08 v0.1 add Arabic and Farsi to "declared" options of
 babel
)
("/Users/maurinthalmann/Library/Application Support/MiKTeX/texmfs/install/tex/l
atex/babel-german/ngerman.ldf"
Language: ngerman 2018/12/08 v2.11 German support for babel (post-1996 orthogra
phy)

("/Users/maurinthalmann/Library/Application Support/MiKTeX/texmfs/install/tex/l
atex/babel-german/ngermanb.ldf"
Language: ngermanb 2018/12/08 v2.11 German support for babel (post-1996 orthogr
aphy)

("/Users/maurinthalmann/Library/Application Support/MiKTeX/texmfs/install/tex/g
eneric/babel/babel.def"
File: babel.def 2018/11/13 3.27 Babel common definitions
\babel@savecnt=\count91
\U@D=\dimen111

("/Users/maurinthalmann/Library/Application Support/MiKTeX/texmfs/install/tex/g
eneric/babel/txtbabel.def")
\bbl@dirlevel=\count92
)

Package babel Warning: No hyphenation patterns were preloaded for
(babel)                the language `German (new orthography)' into the format.

(babel)                Please, configure your TeX system to add them and
(babel)                rebuild the format. Now I will use the patterns
(babel)                preloaded for \language=0 instead on input line 47.

\l@ngerman = a dialect from \language0
Package babel Info: Making " an active character on input line 121.
)))
("/Users/maurinthalmann/Library/Application Support/MiKTeX/texmfs/install/tex/l
atex/base/fontenc.sty"
Package: fontenc 2018/08/11 v2.0j Standard LaTeX package

("/Users/maurinthalmann/Library/Application Support/MiKTeX/texmfs/install/tex/l
atex/base/t1enc.def"
File: t1enc.def 2018/08/11 v2.0j Standard LaTeX file
LaTeX Font Info:    Redeclaring font encoding T1 on input line 48.
))
("/Users/maurinthalmann/Library/Application Support/MiKTeX/texmfs/install/tex/l
atex/base/inputenc.sty"
Package: inputenc 2018/08/11 v1.3c Input encoding file
\inpenc@prehook=\toks16
\inpenc@posthook=\toks17
) (swde-zf.aux)
\openout1 = `swde-zf.aux'.

LaTeX Font Info:    Checking defaults for OML/cmm/m/it on input line 13.
LaTeX Font Info:    ... okay on input line 13.
LaTeX Font Info:    Checking defaults for T1/cmr/m/n on input line 13.
LaTeX Font Info:    ... okay on input line 13.
LaTeX Font Info:    Checking defaults for OT1/cmr/m/n on input line 13.
LaTeX Font Info:    ... okay on input line 13.
LaTeX Font Info:    Checking defaults for OMS/cmsy/m/n on input line 13.
LaTeX Font Info:    ... okay on input line 13.
LaTeX Font Info:    Checking defaults for OMX/cmex/m/n on input line 13.
LaTeX Font Info:    ... okay on input line 13.
LaTeX Font Info:    Checking defaults for U/cmr/m/n on input line 13.
LaTeX Font Info:    ... okay on input line 13.

*geometry* driver: auto-detecting
*geometry* detected driver: pdftex
*geometry* verbose mode - [ preamble ] result:
* driver: pdftex
* paper: a4paper
* layout: <same size as paper>
* layoutoffset:(h,v)=(0.0pt,0.0pt)
* modes: 
* h-part:(L,W,R)=(80.0pt, 437.50787pt, 80.0pt)
* v-part:(T,H,B)=(80.0pt, 685.04684pt, 80.0pt)
* \paperwidth=597.50787pt
* \paperheight=845.04684pt
* \textwidth=437.50787pt
* \textheight=685.04684pt
* \oddsidemargin=7.73001pt
* \evensidemargin=7.73001pt
* \topmargin=-29.26999pt
* \headheight=12.0pt
* \headsep=25.0pt
* \topskip=10.0pt
* \footskip=30.0pt
* \marginparwidth=57.0pt
* \marginparsep=11.0pt
* \columnsep=10.0pt
* \skip\footins=9.0pt plus 4.0pt minus 2.0pt
* \hoffset=0.0pt
* \voffset=0.0pt
* \mag=1000
* \@twocolumnfalse
* \@twosidefalse
* \@mparswitchfalse
* \@reversemarginfalse
* (1in=72.27pt=25.4mm, 1cm=28.453pt)

LaTeX Font Info:    External font `cmex10' loaded for size
(Font)              <12> on input line 15.
LaTeX Font Info:    External font `cmex10' loaded for size
(Font)              <8> on input line 15.
LaTeX Font Info:    External font `cmex10' loaded for size
(Font)              <6> on input line 15.
[1

{/Users/maurinthalmann/Library/Application Support/MiKTeX/texmfs/data/pdftex/co
nfig/pdftex.map}] (swde-zf.toc
LaTeX Font Info:    External font `cmex10' loaded for size
(Font)              <7> on input line 3.
LaTeX Font Info:    External font `cmex10' loaded for size
(Font)              <5> on input line 3.
)
\tf@toc=\write3
\openout3 = `swde-zf.toc'.

 [1]
LaTeX Font Info:    Try loading font information for OMS+cmr on input line 25.

("/Users/maurinthalmann/Library/Application Support/MiKTeX/texmfs/install/tex/l
atex/base/omscmr.fd"
File: omscmr.fd 2014/09/29 v2.5h Standard LaTeX font definitions
)
LaTeX Font Info:    Font shape `OMS/cmr/m/n' in size <10> not available
(Font)              Font shape `OMS/cmsy/m/n' tried instead on input line 25.
 [2] (swde-zf.aux) ) 
Here is how much of TeX's memory you used:
 1627 strings out of 494866
 23400 string characters out of 3176097
 91846 words of memory out of 3000000
 5288 multiletter control sequences out of 15000+200000
 12543 words of font info for 31 fonts, out of 3000000 for 9000
 0 hyphenation exceptions out of 8191
 25i,6n,32p,353b,187s stack positions out of 5000i,500n,10000p,200000b,50000s
 </Users/maurinthalmann/Library/Application Support/MiKTeX/
texmfs/data/fonts/pk/ljfour/jknappen/ec/dpi600/ecbx1200.pk> </Users/maurinthalm
ann/Library/Application Support/MiKTeX/texmfs/data/fonts/pk/ljfour/jknappen/ec/
dpi600/ecrm1000.pk> </Users/maurinthalmann/Library/Application Support/MiKTeX/t
exmfs/data/fonts/pk/ljfour/jknappen/ec/dpi600/ecbx1000.pk> </Users/maurinthalma
nn/Library/Application Support/MiKTeX/texmfs/data/fonts/pk/ljfour/jknappen/ec/d
pi600/ecbx1440.pk> </Users/maurinthalmann/Library/Application Support/MiKTeX/te
xmfs/data/fonts/pk/ljfour/jknappen/ec/dpi600/ecrm1200.pk> </Users/maurinthalman
n/Library/Application Support/MiKTeX/texmfs/data/fonts/pk/ljfour/jknappen/ec/dp
i600/ecbx1728.pk></Users/maurinthalmann/Library/Application Support/MiKTeX/texm
fs/install/fonts/type1/public/amsfonts/cm/cmsy10.pfb>
Output written on swde-zf.pdf (3 pages, 82432 bytes).
PDF statistics:
 240 PDF objects out of 1000 (max. 8388607)
 0 named destinations out of 1000 (max. 500000)
 1 words of extra memory for PDF output out of 10000 (max. 10000000)

