This is pdfTeX, Version 3.14159265-2.6-1.40.19 (MiKTeX 2.9.6840) (preloaded format=pdflatex 2019.2.19)  19 FEB 2019 16:29
entering extended mode
**./mobpro-zf.tex
(mobpro-zf.tex
LaTeX2e <2018-12-01>

("/Users/maurinthalmann/Library/Application Support/MiKTeX/texmfs/install/tex/l
atex/base/article.cls"
Document Class: article 2018/09/03 v1.4i Standard LaTeX document class

("/Users/maurinthalmann/Library/Application Support/MiKTeX/texmfs/install/tex/l
atex/base/size10.clo"
File: size10.clo 2018/09/03 v1.4i Standard LaTeX file (size option)
)
\c@part=\count80
\c@section=\count81
\c@subsection=\count82
\c@subsubsection=\count83
\c@paragraph=\count84
\c@subparagraph=\count85
\c@figure=\count86
\c@table=\count87
\abovecaptionskip=\skip41
\belowcaptionskip=\skip42
\bibindent=\dimen102
)
("/Users/maurinthalmann/Library/Application Support/MiKTeX/texmfs/install/tex/g
eneric/babel/babel.sty"
Package: babel 2018/11/13 3.27 The Babel package

("/Users/maurinthalmann/Library/Application Support/MiKTeX/texmfs/install/tex/g
eneric/babel/switch.def"
File: switch.def 2018/11/13 3.27 Babel switching mechanism
)
*************************************
* Local config file bblopts.cfg used
*

("/Users/maurinthalmann/Library/Application Support/MiKTeX/texmfs/install/tex/l
atex/arabi/bblopts.cfg"
File: bblopts.cfg 2005/09/08 v0.1 add Arabic and Farsi to "declared" options of
 babel
)
("/Users/maurinthalmann/Library/Application Support/MiKTeX/texmfs/install/tex/l
atex/babel-german/ngerman.ldf"
Language: ngerman 2018/12/08 v2.11 German support for babel (post-1996 orthogra
phy)

("/Users/maurinthalmann/Library/Application Support/MiKTeX/texmfs/install/tex/l
atex/babel-german/ngermanb.ldf"
Language: ngermanb 2018/12/08 v2.11 German support for babel (post-1996 orthogr
aphy)

("/Users/maurinthalmann/Library/Application Support/MiKTeX/texmfs/install/tex/g
eneric/babel/babel.def"
File: babel.def 2018/11/13 3.27 Babel common definitions
\babel@savecnt=\count88
\U@D=\dimen103

("/Users/maurinthalmann/Library/Application Support/MiKTeX/texmfs/install/tex/g
eneric/babel/txtbabel.def")
\bbl@dirlevel=\count89
)

Package babel Warning: No hyphenation patterns were preloaded for
(babel)                the language `German (new orthography)' into the format.

(babel)                Please, configure your TeX system to add them and
(babel)                rebuild the format. Now I will use the patterns
(babel)                preloaded for \language=0 instead on input line 47.

\l@ngerman = a dialect from \language0
Package babel Info: Making " an active character on input line 121.
)))
("/Users/maurinthalmann/Library/Application Support/MiKTeX/texmfs/install/tex/l
atex/base/inputenc.sty"
Package: inputenc 2018/08/11 v1.3c Input encoding file
\inpenc@prehook=\toks14
\inpenc@posthook=\toks15
)
("/Users/maurinthalmann/Library/Application Support/MiKTeX/texmfs/install/tex/l
atex/psnfss/helvet.sty"
Package: helvet 2005/04/12 PSNFSS-v9.2a (WaS) 

("/Users/maurinthalmann/Library/Application Support/MiKTeX/texmfs/install/tex/l
atex/graphics/keyval.sty"
Package: keyval 2014/10/28 v1.15 key=value parser (DPC)
\KV@toks@=\toks16
))
("/Users/maurinthalmann/Library/Application Support/MiKTeX/texmfs/install/tex/l
atex/base/fontenc.sty"
Package: fontenc 2018/08/11 v2.0j Standard LaTeX package

("/Users/maurinthalmann/Library/Application Support/MiKTeX/texmfs/install/tex/l
atex/base/t1enc.def"
File: t1enc.def 2018/08/11 v2.0j Standard LaTeX file
LaTeX Font Info:    Redeclaring font encoding T1 on input line 48.
))
("/Users/maurinthalmann/Library/Application Support/MiKTeX/texmfs/install/tex/l
atex/geometry/geometry.sty"
Package: geometry 2018/04/16 v5.8 Page Geometry

("/Users/maurinthalmann/Library/Application Support/MiKTeX/texmfs/install/tex/g
eneric/oberdiek/ifpdf.sty"
Package: ifpdf 2018/09/07 v3.3 Provides the ifpdf switch
)
("/Users/maurinthalmann/Library/Application Support/MiKTeX/texmfs/install/tex/g
eneric/oberdiek/ifvtex.sty"
Package: ifvtex 2016/05/16 v1.6 Detect VTeX and its facilities (HO)
Package ifvtex Info: VTeX not detected.
)
("/Users/maurinthalmann/Library/Application Support/MiKTeX/texmfs/install/tex/g
eneric/ifxetex/ifxetex.sty"
Package: ifxetex 2010/09/12 v0.6 Provides ifxetex conditional
)
\Gm@cnth=\count90
\Gm@cntv=\count91
\c@Gm@tempcnt=\count92
\Gm@bindingoffset=\dimen104
\Gm@wd@mp=\dimen105
\Gm@odd@mp=\dimen106
\Gm@even@mp=\dimen107
\Gm@layoutwidth=\dimen108
\Gm@layoutheight=\dimen109
\Gm@layouthoffset=\dimen110
\Gm@layoutvoffset=\dimen111
\Gm@dimlist=\toks17

("/Users/maurinthalmann/Library/Application Support/MiKTeX/texmfs/install/tex/l
atex/geometry/geometry.cfg"))
("/Users/maurinthalmann/Library/Application Support/MiKTeX/texmfs/install/tex/l
atex/graphics/graphicx.sty"
Package: graphicx 2017/06/01 v1.1a Enhanced LaTeX Graphics (DPC,SPQR)

("/Users/maurinthalmann/Library/Application Support/MiKTeX/texmfs/install/tex/l
atex/graphics/graphics.sty"
Package: graphics 2017/06/25 v1.2c Standard LaTeX Graphics (DPC,SPQR)

("/Users/maurinthalmann/Library/Application Support/MiKTeX/texmfs/install/tex/l
atex/graphics/trig.sty"
Package: trig 2016/01/03 v1.10 sin cos tan (DPC)
)
("/Users/maurinthalmann/Library/Application Support/MiKTeX/texmfs/install/tex/l
atex/graphics-cfg/graphics.cfg"
File: graphics.cfg 2016/06/04 v1.11 sample graphics configuration
)
Package graphics Info: Driver file: pdftex.def on input line 99.

("/Users/maurinthalmann/Library/Application Support/MiKTeX/texmfs/install/tex/l
atex/graphics-def/pdftex.def"
File: pdftex.def 2018/01/08 v1.0l Graphics/color driver for pdftex
))
\Gin@req@height=\dimen112
\Gin@req@width=\dimen113
)
("/Users/maurinthalmann/Library/Application Support/MiKTeX/texmfs/install/tex/l
atex/listings/listings.sty"
\lst@mode=\count93
\lst@gtempboxa=\box27
\lst@token=\toks18
\lst@length=\count94
\lst@currlwidth=\dimen114
\lst@column=\count95
\lst@pos=\count96
\lst@lostspace=\dimen115
\lst@width=\dimen116
\lst@newlines=\count97
\lst@lineno=\count98
\lst@maxwidth=\dimen117

("/Users/maurinthalmann/Library/Application Support/MiKTeX/texmfs/install/tex/l
atex/listings/lstmisc.sty"
File: lstmisc.sty 2018/09/02 1.7 (Carsten Heinz)
\c@lstnumber=\count99
\lst@skipnumbers=\count100
\lst@framebox=\box28
)
("/Users/maurinthalmann/Library/Application Support/MiKTeX/texmfs/install/tex/l
atex/listings/listings.cfg"
File: listings.cfg 2018/09/02 1.7 listings configuration
))
Package: listings 2018/09/02 1.7 (Carsten Heinz)

("/Users/maurinthalmann/Library/Application Support/MiKTeX/texmfs/install/tex/l
atex/graphics/color.sty"
Package: color 2016/07/10 v1.1e Standard LaTeX Color (DPC)

("/Users/maurinthalmann/Library/Application Support/MiKTeX/texmfs/install/tex/l
atex/graphics-cfg/color.cfg"
File: color.cfg 2016/01/02 v1.6 sample color configuration
)
Package color Info: Driver file: pdftex.def on input line 147.
)
("/Users/maurinthalmann/Library/Application Support/MiKTeX/texmfs/install/tex/l
atex/xcolor/xcolor.sty"
Package: xcolor 2016/05/11 v2.12 LaTeX color extensions (UK)

("/Users/maurinthalmann/Library/Application Support/MiKTeX/texmfs/install/tex/l
atex/graphics-cfg/color.cfg"
File: color.cfg 2016/01/02 v1.6 sample color configuration
)
Package xcolor Info: Driver file: pdftex.def on input line 225.

("/Users/maurinthalmann/Library/Application Support/MiKTeX/texmfs/install/tex/l
atex/colortbl/colortbl.sty"
Package: colortbl 2018/12/12 v1.0d Color table columns (DPC)

("/Users/maurinthalmann/Library/Application Support/MiKTeX/texmfs/install/tex/l
atex/tools/array.sty"
Package: array 2018/12/30 v2.4k Tabular extension package (FMi)
\col@sep=\dimen118
\ar@mcellbox=\box29
\extrarowheight=\dimen119
\NC@list=\toks19
\extratabsurround=\skip43
\backup@length=\skip44
\ar@cellbox=\box30
)
\everycr=\toks20
\minrowclearance=\skip45
)
LaTeX Info: Redefining \color on input line 709.
\rownum=\count101
Package xcolor Info: Model `cmy' substituted by `cmy0' on input line 1348.
Package xcolor Info: Model `hsb' substituted by `rgb' on input line 1352.
Package xcolor Info: Model `RGB' extended on input line 1364.
Package xcolor Info: Model `HTML' substituted by `rgb' on input line 1366.
Package xcolor Info: Model `Hsb' substituted by `hsb' on input line 1367.
Package xcolor Info: Model `tHsb' substituted by `hsb' on input line 1368.
Package xcolor Info: Model `HSB' substituted by `hsb' on input line 1369.
Package xcolor Info: Model `Gray' substituted by `gray' on input line 1370.
Package xcolor Info: Model `wave' substituted by `hsb' on input line 1371.
)
("/Users/maurinthalmann/Library/Application Support/MiKTeX/texmfs/install/tex/l
atex/csquotes/csquotes.sty"
Package: csquotes 2018/04/13 v5.2d context-sensitive quotations (JAW)

("/Users/maurinthalmann/Library/Application Support/MiKTeX/texmfs/install/tex/l
atex/etoolbox/etoolbox.sty"
Package: etoolbox 2018/08/19 v2.5f e-TeX tools for LaTeX (JAW)
\etb@tempcnta=\count102
)
\csq@reset=\count103
\csq@gtype=\count104
\csq@glevel=\count105
\csq@qlevel=\count106
\csq@maxlvl=\count107
\csq@tshold=\count108
\csq@ltx@everypar=\toks21

("/Users/maurinthalmann/Library/Application Support/MiKTeX/texmfs/install/tex/l
atex/csquotes/csquotes.def"
File: csquotes.def 2018/04/13 v5.2d csquotes generic definitions (JAW)
)
Package csquotes Info: Trying to load configuration file 'csquotes.cfg'...
Package csquotes Info: ... configuration file loaded successfully.

("/Users/maurinthalmann/Library/Application Support/MiKTeX/texmfs/install/tex/l
atex/csquotes/csquotes.cfg"
File: csquotes.cfg 
)
Package csquotes Info: Enabling multilingual quotes.


! Package keyval Error: No value specified for german.

See the keyval package documentation for explanation.
Type  H <return>  for immediate help.
 ...                                              
                                                  
l.2465 \ProcessOptions*
                       
Try typing  <return>  to proceed.
If that doesn't work, type  X <return>  to quit.

)
Package csquotes Info: Allocating character ".

("/Users/maurinthalmann/Library/Application Support/MiKTeX/texmfs/install/tex/l
atex/listings/lstlang1.sty"
File: lstlang1.sty 2018/09/02 1.7 listings language file
)
Package csquotes Info: Checking for multilingual support...
Package csquotes Info: ... found 'babel' package.
 (mobpro-zf.aux)
\openout1 = `mobpro-zf.aux'.

LaTeX Font Info:    Checking defaults for OML/cmm/m/it on input line 46.
LaTeX Font Info:    ... okay on input line 46.
LaTeX Font Info:    Checking defaults for T1/cmr/m/n on input line 46.
LaTeX Font Info:    ... okay on input line 46.
LaTeX Font Info:    Checking defaults for OT1/cmr/m/n on input line 46.
LaTeX Font Info:    ... okay on input line 46.
LaTeX Font Info:    Checking defaults for OMS/cmsy/m/n on input line 46.
LaTeX Font Info:    ... okay on input line 46.
LaTeX Font Info:    Checking defaults for OMX/cmex/m/n on input line 46.
LaTeX Font Info:    ... okay on input line 46.
LaTeX Font Info:    Checking defaults for U/cmr/m/n on input line 46.
LaTeX Font Info:    ... okay on input line 46.
LaTeX Font Info:    Try loading font information for T1+phv on input line 46.

("/Users/maurinthalmann/Library/Application Support/MiKTeX/texmfs/install/tex/l
atex/psnfss/t1phv.fd"
File: t1phv.fd 2001/06/04 scalable font definitions for T1/phv.
)
LaTeX Font Info:    Font shape `T1/phv/m/n' will be
(Font)              scaled to size 9.49997pt on input line 46.

*geometry* driver: auto-detecting
*geometry* detected driver: pdftex
*geometry* verbose mode - [ preamble ] result:
* driver: pdftex
* paper: a4paper
* layout: <same size as paper>
* layoutoffset:(h,v)=(0.0pt,0.0pt)
* modes: 
* h-part:(L,W,R)=(80.0pt, 437.50787pt, 80.0pt)
* v-part:(T,H,B)=(80.0pt, 685.04684pt, 80.0pt)
* \paperwidth=597.50787pt
* \paperheight=845.04684pt
* \textwidth=437.50787pt
* \textheight=685.04684pt
* \oddsidemargin=7.73001pt
* \evensidemargin=7.73001pt
* \topmargin=-29.26999pt
* \headheight=12.0pt
* \headsep=25.0pt
* \topskip=10.0pt
* \footskip=30.0pt
* \marginparwidth=57.0pt
* \marginparsep=11.0pt
* \columnsep=10.0pt
* \skip\footins=9.0pt plus 4.0pt minus 2.0pt
* \hoffset=0.0pt
* \voffset=0.0pt
* \mag=1000
* \@twocolumnfalse
* \@twosidefalse
* \@mparswitchfalse
* \@reversemarginfalse
* (1in=72.27pt=25.4mm, 1cm=28.453pt)


("/Users/maurinthalmann/Library/Application Support/MiKTeX/texmfs/install/tex/c
ontext/base/supp-pdf.mkii"
[Loading MPS to PDF converter (version 2006.09.02).]
\scratchcounter=\count109
\scratchdimen=\dimen120
\scratchbox=\box31
\nofMPsegments=\count110
\nofMParguments=\count111
\everyMPshowfont=\toks22
\MPscratchCnt=\count112
\MPscratchDim=\dimen121
\MPnumerator=\count113
\makeMPintoPDFobject=\count114
\everyMPtoPDFconversion=\toks23
)
("/Users/maurinthalmann/Library/Application Support/MiKTeX/texmfs/install/tex/l
atex/oberdiek/epstopdf-base.sty"
Package: epstopdf-base 2016/05/15 v2.6 Base part for package epstopdf

("/Users/maurinthalmann/Library/Application Support/MiKTeX/texmfs/install/tex/g
eneric/oberdiek/infwarerr.sty"
Package: infwarerr 2016/05/16 v1.4 Providing info/warning/error messages (HO)
)
("/Users/maurinthalmann/Library/Application Support/MiKTeX/texmfs/install/tex/l
atex/oberdiek/grfext.sty"
Package: grfext 2016/05/16 v1.2 Manage graphics extensions (HO)

("/Users/maurinthalmann/Library/Application Support/MiKTeX/texmfs/install/tex/g
eneric/oberdiek/kvdefinekeys.sty"
Package: kvdefinekeys 2016/05/16 v1.4 Define keys (HO)

("/Users/maurinthalmann/Library/Application Support/MiKTeX/texmfs/install/tex/g
eneric/oberdiek/ltxcmds.sty"
Package: ltxcmds 2016/05/16 v1.23 LaTeX kernel commands for general use (HO)
)))
("/Users/maurinthalmann/Library/Application Support/MiKTeX/texmfs/install/tex/l
atex/oberdiek/kvoptions.sty"
Package: kvoptions 2016/05/16 v3.12 Key value format for package options (HO)

("/Users/maurinthalmann/Library/Application Support/MiKTeX/texmfs/install/tex/g
eneric/oberdiek/kvsetkeys.sty"
Package: kvsetkeys 2016/05/16 v1.17 Key value parser (HO)

("/Users/maurinthalmann/Library/Application Support/MiKTeX/texmfs/install/tex/g
eneric/oberdiek/etexcmds.sty"
Package: etexcmds 2016/05/16 v1.6 Avoid name clashes with e-TeX commands (HO)

("/Users/maurinthalmann/Library/Application Support/MiKTeX/texmfs/install/tex/g
eneric/oberdiek/ifluatex.sty"
Package: ifluatex 2016/05/16 v1.4 Provides the ifluatex switch (HO)
Package ifluatex Info: LuaTeX not detected.
)
Package etexcmds Info: Could not find \expanded.
(etexcmds)             That can mean that you are not using pdfTeX 1.50 or
(etexcmds)             that some package has redefined \expanded.
(etexcmds)             In the latter case, load this package earlier.
)))
("/Users/maurinthalmann/Library/Application Support/MiKTeX/texmfs/install/tex/g
eneric/oberdiek/pdftexcmds.sty"
Package: pdftexcmds 2018/09/10 v0.29 Utility functions of pdfTeX for LuaTeX (HO
)
Package pdftexcmds Info: LuaTeX not detected.
Package pdftexcmds Info: \pdf@primitive is available.
Package pdftexcmds Info: \pdf@ifprimitive is available.
Package pdftexcmds Info: \pdfdraftmode found.
)
Package epstopdf-base Info: Redefining graphics rule for `.eps' on input line 4
38.
Package grfext Info: Graphics extension search list:
(grfext)             [.pdf,.png,.jpg,.mps,.jpeg,.jbig2,.jb2,.PDF,.PNG,.JPG,.JPE
G,.JBIG2,.JB2,.eps]
(grfext)             \AppendGraphicsExtensions on input line 456.
)
\c@lstlisting=\count115
Package csquotes Info: Redefining character " on input line 46.
LaTeX Font Info:    Font shape `T1/phv/m/n' will be
(Font)              scaled to size 16.41594pt on input line 48.
LaTeX Font Info:    Font shape `T1/phv/bx/n' in size <17.28> not available
(Font)              Font shape `T1/phv/b/n' tried instead on input line 48.
LaTeX Font Info:    Font shape `T1/phv/b/n' will be
(Font)              scaled to size 16.41594pt on input line 48.
LaTeX Font Info:    Font shape `T1/phv/m/n' will be
(Font)              scaled to size 11.39996pt on input line 48.
LaTeX Font Info:    External font `cmex10' loaded for size
(Font)              <12> on input line 48.
LaTeX Font Info:    External font `cmex10' loaded for size
(Font)              <8> on input line 48.
LaTeX Font Info:    External font `cmex10' loaded for size
(Font)              <6> on input line 48.
 [1

{/Users/maurinthalmann/Library/Application Support/MiKTeX/texmfs/data/pdftex/co
nfig/pdftex.map}]
LaTeX Font Info:    Font shape `T1/phv/m/n' will be
(Font)              scaled to size 13.67995pt on input line 51.
LaTeX Font Info:    Font shape `T1/phv/bx/n' in size <14.4> not available
(Font)              Font shape `T1/phv/b/n' tried instead on input line 51.
LaTeX Font Info:    Font shape `T1/phv/b/n' will be
(Font)              scaled to size 13.67995pt on input line 51.
 (mobpro-zf.toc
LaTeX Font Info:    Font shape `T1/phv/bx/n' in size <10> not available
(Font)              Font shape `T1/phv/b/n' tried instead on input line 2.
LaTeX Font Info:    Font shape `T1/phv/b/n' will be
(Font)              scaled to size 9.49997pt on input line 2.
)
\tf@toc=\write3
\openout3 = `mobpro-zf.toc'.

 [1]
LaTeX Font Info:    Font shape `T1/phv/bx/it' in size <10> not available
(Font)              Font shape `T1/phv/b/it' tried instead on input line 59.
LaTeX Font Info:    Font shape `T1/phv/b/it' in size <10> not available
(Font)              Font shape `T1/phv/b/sl' tried instead on input line 59.
LaTeX Font Info:    Font shape `T1/phv/b/sl' will be
(Font)              scaled to size 9.49997pt on input line 59.
LaTeX Font Info:    Try loading font information for OMS+phv on input line 64.

("/Users/maurinthalmann/Library/Application Support/MiKTeX/texmfs/install/tex/l
atex/psnfss/omsphv.fd"
File: omsphv.fd 
)
LaTeX Font Info:    Font shape `OMS/phv/m/n' in size <10> not available
(Font)              Font shape `OMS/cmsy/m/n' tried instead on input line 64.
LaTeX Font Info:    External font `cmex10' loaded for size
(Font)              <7> on input line 70.
LaTeX Font Info:    External font `cmex10' loaded for size
(Font)              <5> on input line 70.

Overfull \hbox (15.46797pt too wide) in paragraph at lines 70--78
[][] 
 []

LaTeX Font Info:    Font shape `T1/phv/m/it' in size <10> not available
(Font)              Font shape `T1/phv/m/sl' tried instead on input line 81.
LaTeX Font Info:    Font shape `T1/phv/m/sl' will be
(Font)              scaled to size 9.49997pt on input line 81.

Overfull \hbox (19.6636pt too wide) in paragraph at lines 80--85
\T1/phv/b/n/10 Service \T1/phv/m/n/10 läuft typischerweise im Hintergrund für u
nbeschränkte Zeit, hat keine graphische Benutzerschnittstelle
 []


Overfull \hbox (65.40923pt too wide) in paragraph at lines 80--85
\T1/phv/m/n/10 Standard-API für Suchen, Löschen, Aktualisieren und Einfügen von
 Daten. Basisklasse: \T1/phv/m/sl/10 android.content.ContentProvider 
 []


Underfull \hbox (badness 10000) in paragraph at lines 80--85

 []

[2] (mobpro-zf.aux) ) 
Here is how much of TeX's memory you used:
 5656 strings out of 494866
 83449 string characters out of 3176097
 352802 words of memory out of 3000000
 9207 multiletter control sequences out of 15000+200000
 30453 words of font info for 40 fonts, out of 3000000 for 9000
 0 hyphenation exceptions out of 8191
 41i,10n,40p,818b,264s stack positions out of 5000i,500n,10000p,200000b,50000s
{/Users/maurinthalmann/Library/Application Support/MiKTeX/
texmfs/install/fonts/enc/dvips/base/8r.enc}</Users/maurinthalmann/Library/Appli
cation Support/MiKTeX/texmfs/install/fonts/type1/public/amsfonts/cm/cmsy10.pfb>
</Users/maurinthalmann/Library/Application Support/MiKTeX/texmfs/install/fonts/
type1/urw/helvetic/uhvb8a.pfb></Users/maurinthalmann/Library/Application Suppor
t/MiKTeX/texmfs/install/fonts/type1/urw/helvetic/uhvbo8a.pfb></Users/maurinthal
mann/Library/Application Support/MiKTeX/texmfs/install/fonts/type1/urw/helvetic
/uhvr8a.pfb></Users/maurinthalmann/Library/Application Support/MiKTeX/texmfs/in
stall/fonts/type1/urw/helvetic/uhvro8a.pfb>
Output written on mobpro-zf.pdf (3 pages, 50108 bytes).
PDF statistics:
 33 PDF objects out of 1000 (max. 8388607)
 0 named destinations out of 1000 (max. 500000)
 1 words of extra memory for PDF output out of 10000 (max. 10000000)

